<?xml version="1.0" encoding="UTF-8"?>
<testng-results ignored="0" total="1" passed="1" failed="0" skipped="0">
  <reporter-output>
  </reporter-output>
  <suite started-at="2025-12-29T10:13:28 IST" name="Suite" finished-at="2025-12-29T10:14:15 IST" duration-ms="46703">
    <groups>
    </groups>
    <test started-at="2025-12-29T10:13:28 IST" name="Test" finished-at="2025-12-29T10:14:15 IST" duration-ms="46703">
      <class name="prj1.Package1.testCase2_LoginToAmazonAndSearch">
        <test-method is-config="true" signature="launch(java.lang.String)[pri:0, instance:prj1.Package1.testCase2_LoginToAmazonAndSearch@1ab3a8c8]" started-at="2025-12-29T10:13:28 IST" name="launch" finished-at="2025-12-29T10:13:40 IST" duration-ms="11792" status="PASS">
          <params>
            <param index="0">
              <value>
                <![CDATA[chrome]]>
              </value>
            </param>
          </params>
          <reporter-output>
          </reporter-output>
        </test-method> <!-- launch -->
        <test-method signature="withValidCredentials()[pri:0, instance:prj1.Package1.testCase2_LoginToAmazonAndSearch@1ab3a8c8]" started-at="2025-12-29T10:13:40 IST" name="withValidCredentials" finished-at="2025-12-29T10:14:14 IST" duration-ms="33865" status="PASS">
          <reporter-output>
          </reporter-output>
        </test-method> <!-- withValidCredentials -->
        <test-method is-config="true" signature="quit()[pri:0, instance:prj1.Package1.testCase2_LoginToAmazonAndSearch@1ab3a8c8]" started-at="2025-12-29T10:14:14 IST" name="quit" finished-at="2025-12-29T10:14:15 IST" duration-ms="927" status="PASS">
          <reporter-output>
          </reporter-output>
        </test-method> <!-- quit -->
      </class> <!-- prj1.Package1.testCase2_LoginToAmazonAndSearch -->
    </test> <!-- Test -->
  </suite> <!-- Suite -->
</testng-results>
