<?xml version="1.0" encoding="UTF-8"?>
<testng-results ignored="0" total="1" passed="1" failed="0" skipped="0">
  <reporter-output>
  </reporter-output>
  <suite started-at="2025-12-29T10:01:27 IST" name="Suite" finished-at="2025-12-29T10:02:17 IST" duration-ms="50177">
    <groups>
    </groups>
    <test started-at="2025-12-29T10:01:27 IST" name="Test" finished-at="2025-12-29T10:02:17 IST" duration-ms="50177">
      <class name="prj1.Package1.testCase2_LoginToAmazonAndSearch">
        <test-method is-config="true" signature="launch(java.lang.String)[pri:0, instance:prj1.Package1.testCase2_LoginToAmazonAndSearch@71d44a3]" started-at="2025-12-29T10:01:27 IST" name="launch" finished-at="2025-12-29T10:01:37 IST" duration-ms="10340" status="PASS">
          <params>
            <param index="0">
              <value>
                <![CDATA[chrome]]>
              </value>
            </param>
          </params>
          <reporter-output>
          </reporter-output>
        </test-method> <!-- launch -->
        <test-method signature="withValidCredentials()[pri:0, instance:prj1.Package1.testCase2_LoginToAmazonAndSearch@71d44a3]" started-at="2025-12-29T10:01:37 IST" name="withValidCredentials" finished-at="2025-12-29T10:02:11 IST" duration-ms="34542" status="PASS">
          <reporter-output>
          </reporter-output>
        </test-method> <!-- withValidCredentials -->
        <test-method is-config="true" signature="quit()[pri:0, instance:prj1.Package1.testCase2_LoginToAmazonAndSearch@71d44a3]" started-at="2025-12-29T10:02:12 IST" name="quit" finished-at="2025-12-29T10:02:17 IST" duration-ms="5145" status="PASS">
          <reporter-output>
          </reporter-output>
        </test-method> <!-- quit -->
      </class> <!-- prj1.Package1.testCase2_LoginToAmazonAndSearch -->
    </test> <!-- Test -->
  </suite> <!-- Suite -->
</testng-results>
